TN:
SF:src/alert.ts
FN:15,loadWatchlist
FN:34,checkAll
FN:73,detectAlertType
FN:101,_filterByVolume
FN:110,detectRankShift
FN:112,(anonymous_5)
FN:122,(anonymous_6)
FN:144,generateAlert
FN:184,generateUUID
FN:185,(anonymous_9)
FNF:10
FNH:5
FNDA:0,loadWatchlist
FNDA:3,checkAll
FNDA:1,detectAlertType
FNDA:0,_filterByVolume
FNDA:0,detectRankShift
FNDA:0,(anonymous_5)
FNDA:0,(anonymous_6)
FNDA:4,generateAlert
FNDA:4,generateUUID
FNDA:124,(anonymous_9)
DA:16,0
DA:17,0
DA:20,0
DA:21,0
DA:24,0
DA:25,0
DA:28,0
DA:35,3
DA:36,3
DA:38,3
DA:39,2
DA:45,2
DA:47,2
DA:48,2
DA:49,2
DA:51,2
DA:52,2
DA:55,1
DA:56,1
DA:57,1
DA:58,1
DA:62,0
DA:67,3
DA:74,1
DA:77,1
DA:78,1
DA:82,0
DA:83,0
DA:87,0
DA:88,0
DA:91,0
DA:92,0
DA:95,0
DA:102,0
DA:103,0
DA:104,0
DA:111,0
DA:112,0
DA:114,0
DA:116,0
DA:117,0
DA:118,0
DA:120,0
DA:121,0
DA:122,0
DA:123,0
DA:124,0
DA:125,0
DA:129,0
DA:131,0
DA:132,0
DA:134,0
DA:135,0
DA:138,0
DA:145,4
DA:147,4
DA:154,4
DA:161,4
DA:185,4
DA:186,124
DA:187,124
DA:188,124
LF:62
LH:26
BRDA:16,0,0,0
BRDA:16,0,1,0
BRDA:24,1,0,0
BRDA:24,1,1,0
BRDA:24,2,0,0
BRDA:24,2,1,0
BRDA:40,3,0,2
BRDA:40,3,1,2
BRDA:41,4,0,2
BRDA:41,4,1,0
BRDA:51,5,0,0
BRDA:51,5,1,2
BRDA:52,6,0,1
BRDA:52,6,1,1
BRDA:56,7,0,1
BRDA:56,7,1,0
BRDA:74,8,0,1
BRDA:74,9,0,1
BRDA:74,10,0,1
BRDA:74,10,1,0
BRDA:77,11,0,1
BRDA:77,11,1,0
BRDA:77,12,0,1
BRDA:77,12,1,1
BRDA:82,13,0,0
BRDA:82,13,1,0
BRDA:82,14,0,0
BRDA:82,14,1,0
BRDA:87,15,0,0
BRDA:87,15,1,0
BRDA:87,16,0,0
BRDA:87,16,1,0
BRDA:91,17,0,0
BRDA:91,17,1,0
BRDA:91,18,0,0
BRDA:91,18,1,0
BRDA:102,19,0,0
BRDA:102,19,1,0
BRDA:114,20,0,0
BRDA:114,20,1,0
BRDA:123,21,0,0
BRDA:123,21,1,0
BRDA:129,22,0,0
BRDA:129,22,1,0
BRDA:134,23,0,0
BRDA:134,23,1,0
BRDA:135,24,0,0
BRDA:135,24,1,0
BRDA:145,25,0,4
BRDA:145,25,1,0
BRDA:165,26,0,4
BRDA:165,26,1,0
BRDA:170,27,0,4
BRDA:170,27,1,0
BRDA:171,28,0,4
BRDA:171,28,1,0
BRDA:177,29,0,4
BRDA:177,29,1,0
BRDA:187,30,0,120
BRDA:187,30,1,4
BRF:60
BRH:20
end_of_record
TN:
SF:src/cache.ts
FN:18,initDatabase
FN:83,getHolding
FN:98,getRange
FN:113,getParticipants
FN:128,setHolding
FN:157,setHoldings
FN:172,(anonymous_6)
FN:183,setFetchLog
FN:196,getFetchLog
FN:211,getHistory
FN:227,getAvgDailyVolume
FN:238,getRangeForAvg
FNF:12
FNH:8
FNDA:9,initDatabase
FNDA:1,getHolding
FNDA:1,getRange
FNDA:1,getParticipants
FNDA:0,setHolding
FNDA:0,setHoldings
FNDA:0,(anonymous_6)
FNDA:0,setFetchLog
FNDA:1,getFetchLog
FNDA:1,getHistory
FNDA:1,getAvgDailyVolume
FNDA:1,getRangeForAvg
DA:11,2
DA:13,2
DA:19,9
DA:21,1
DA:22,1
DA:23,0
DA:26,1
DA:27,1
DA:28,1
DA:31,1
DA:77,1
DA:84,1
DA:85,1
DA:92,1
DA:99,1
DA:100,1
DA:107,1
DA:114,1
DA:115,1
DA:122,1
DA:129,0
DA:130,0
DA:131,0
DA:158,0
DA:159,0
DA:171,0
DA:172,0
DA:173,0
DA:174,0
DA:177,0
DA:184,0
DA:185,0
DA:197,1
DA:198,1
DA:205,1
DA:212,1
DA:213,1
DA:221,1
DA:228,1
DA:229,1
DA:231,0
DA:232,0
DA:233,0
DA:235,0
DA:239,1
DA:240,1
LF:46
LH:29
BRDA:19,0,0,8
BRDA:19,0,1,1
BRDA:22,1,0,0
BRDA:22,1,1,1
BRDA:92,2,0,1
BRDA:92,2,1,1
BRDA:190,3,0,0
BRDA:190,3,1,0
BRDA:190,4,0,0
BRDA:190,4,1,0
BRDA:190,5,0,0
BRDA:190,5,1,0
BRDA:205,6,0,1
BRDA:205,6,1,1
BRDA:211,7,0,1
BRDA:227,8,0,1
BRDA:229,9,0,1
BRDA:229,9,1,0
BRF:18
BRH:10
end_of_record
TN:
SF:src/config.ts
FN:50,deepMerge
FN:72,loadConfig
FN:88,getWeights
FN:95,getThresholds
FN:102,getDefaults
FN:109,getAlertConfig
FN:116,getFetchConfig
FN:123,getStockNames
FN:130,resolveStockCode
FNF:9
FNH:9
FNDA:8,deepMerge
FNDA:13,loadConfig
FNDA:1,getWeights
FNDA:1,getThresholds
FNDA:1,getDefaults
FNDA:1,getAlertConfig
FNDA:1,getFetchConfig
FNDA:8,getStockNames
FNDA:6,resolveStockCode
DA:11,2
DA:13,2
DA:15,2
DA:51,8
DA:52,33
DA:53,33
DA:54,33
DA:61,7
DA:63,26
DA:66,8
DA:73,13
DA:75,1
DA:76,1
DA:77,1
DA:78,1
DA:81,1
DA:82,1
DA:89,1
DA:96,1
DA:103,1
DA:110,1
DA:117,1
DA:124,8
DA:131,6
DA:133,6
DA:135,4
DA:136,1
LF:27
LH:27
BRDA:54,0,0,7
BRDA:54,0,1,26
BRDA:55,1,0,33
BRDA:55,1,1,33
BRDA:55,1,2,7
BRDA:55,1,3,7
BRDA:55,1,4,7
BRDA:73,2,0,12
BRDA:73,2,1,1
BRDA:76,3,0,1
BRDA:76,3,1,0
BRDA:78,4,0,1
BRDA:78,4,1,0
BRDA:133,5,0,2
BRDA:133,5,1,4
BRDA:135,6,0,3
BRDA:135,6,1,1
BRF:17
BRH:15
end_of_record
TN:
SF:src/fetcher.ts
FN:26,httpRequest
FN:39,(anonymous_1)
FN:40,(anonymous_2)
FN:59,(anonymous_3)
FN:60,(anonymous_4)
FN:64,(anonymous_5)
FN:77,extractHiddenFields
FN:90,parseTable
FN:118,searchCCASS
FN:167,parseCCASSResults
FN:209,extractValue
FN:223,fetchOne
FN:231,(anonymous_12)
FN:250,fetchAndCache
FN:282,fetchRange
FN:334,fetchAllParticipants
FN:343,(anonymous_16)
FN:371,sleep
FN:372,(anonymous_18)
FN:375,generateDateRange
FN:389,(anonymous_20)
FNF:21
FNH:0
FNDA:0,httpRequest
FNDA:0,(anonymous_1)
FNDA:0,(anonymous_2)
FNDA:0,(anonymous_3)
FNDA:0,(anonymous_4)
FNDA:0,(anonymous_5)
FNDA:0,extractHiddenFields
FNDA:0,parseTable
FNDA:0,searchCCASS
FNDA:0,parseCCASSResults
FNDA:0,extractValue
FNDA:0,fetchOne
FNDA:0,(anonymous_12)
FNDA:0,fetchAndCache
FNDA:0,fetchRange
FNDA:0,fetchAllParticipants
FNDA:0,(anonymous_16)
FNDA:0,sleep
FNDA:0,(anonymous_18)
FNDA:0,generateDateRange
FNDA:0,(anonymous_20)
DA:13,2
DA:15,2
DA:27,0
DA:28,0
DA:29,0
DA:31,0
DA:39,0
DA:40,0
DA:41,0
DA:42,0
DA:43,0
DA:45,0
DA:46,0
DA:48,0
DA:50,0
DA:51,0
DA:54,0
DA:58,0
DA:59,0
DA:60,0
DA:63,0
DA:64,0
DA:65,0
DA:66,0
DA:69,0
DA:70,0
DA:78,0
DA:79,0
DA:81,0
DA:82,0
DA:84,0
DA:91,0
DA:92,0
DA:93,0
DA:96,0
DA:97,0
DA:98,0
DA:100,0
DA:101,0
DA:106,0
DA:108,0
DA:109,0
DA:112,0
DA:119,0
DA:121,0
DA:122,0
DA:125,0
DA:127,0
DA:145,0
DA:157,0
DA:158,0
DA:161,0
DA:168,0
DA:171,0
DA:172,0
DA:175,0
DA:177,0
DA:178,0
DA:181,0
DA:182,0
DA:183,0
DA:184,0
DA:186,0
DA:187,0
DA:188,0
DA:189,0
DA:190,0
DA:192,0
DA:193,0
DA:203,0
DA:210,0
DA:211,0
DA:212,0
DA:213,0
DA:214,0
DA:215,0
DA:217,0
DA:224,0
DA:225,0
DA:228,0
DA:229,0
DA:230,0
DA:231,0
DA:233,0
DA:234,0
DA:236,0
DA:237,0
DA:238,0
DA:243,0
DA:244,0
DA:252,0
DA:253,0
DA:254,0
DA:263,0
DA:264,0
DA:265,0
DA:274,0
DA:276,0
DA:283,0
DA:284,0
DA:285,0
DA:287,0
DA:288,0
DA:289,0
DA:290,0
DA:299,0
DA:302,0
DA:303,0
DA:304,0
DA:305,0
DA:314,0
DA:315,0
DA:319,0
DA:323,0
DA:324,0
DA:328,0
DA:335,0
DA:338,0
DA:339,0
DA:340,0
DA:343,0
DA:353,0
DA:354,0
DA:357,0
DA:358,0
DA:360,0
DA:361,0
DA:362,0
DA:367,0
DA:368,0
DA:372,0
DA:376,0
DA:377,0
DA:378,0
DA:380,0
DA:381,0
DA:382,0
DA:383,0
DA:384,0
DA:385,0
DA:389,0
DA:390,0
DA:391,0
DA:392,0
LF:144
LH:2
BRDA:26,0,0,0
BRDA:26,1,0,0
BRDA:26,2,0,0
BRDA:29,3,0,0
BRDA:29,3,1,0
BRDA:33,4,0,0
BRDA:33,4,1,0
BRDA:33,5,0,0
BRDA:33,5,1,0
BRDA:35,6,0,0
BRDA:35,6,1,0
BRDA:41,7,0,0
BRDA:41,7,1,0
BRDA:41,8,0,0
BRDA:41,8,1,0
BRDA:43,9,0,0
BRDA:43,9,1,0
BRDA:60,10,0,0
BRDA:60,10,1,0
BRDA:69,11,0,0
BRDA:69,11,1,0
BRDA:108,12,0,0
BRDA:108,12,1,0
BRDA:121,13,0,0
BRDA:121,13,1,0
BRDA:130,14,0,0
BRDA:130,14,1,0
BRDA:131,15,0,0
BRDA:131,15,1,0
BRDA:157,16,0,0
BRDA:157,16,1,0
BRDA:171,17,0,0
BRDA:171,17,1,0
BRDA:177,18,0,0
BRDA:177,18,1,0
BRDA:184,19,0,0
BRDA:184,19,1,0
BRDA:192,20,0,0
BRDA:192,20,1,0
BRDA:192,21,0,0
BRDA:192,21,1,0
BRDA:197,22,0,0
BRDA:197,22,1,0
BRDA:211,23,0,0
BRDA:211,23,1,0
BRDA:214,24,0,0
BRDA:214,24,1,0
BRDA:234,25,0,0
BRDA:234,25,1,0
BRDA:237,26,0,0
BRDA:237,26,1,0
BRDA:243,27,0,0
BRDA:243,27,1,0
BRDA:253,28,0,0
BRDA:253,28,1,0
BRDA:259,29,0,0
BRDA:259,29,1,0
BRDA:264,30,0,0
BRDA:264,30,1,0
BRDA:289,31,0,0
BRDA:289,31,1,0
BRDA:304,32,0,0
BRDA:304,32,1,0
BRDA:323,33,0,0
BRDA:323,33,1,0
BRDA:353,34,0,0
BRDA:353,34,1,0
BRDA:361,35,0,0
BRDA:361,35,1,0
BRDA:367,36,0,0
BRDA:367,36,1,0
BRDA:392,37,0,0
BRDA:392,37,1,0
BRF:73
BRH:0
end_of_record
TN:
SF:src/multi-day.ts
FN:13,_getWindowData
FN:32,analyzeWindow
FN:45,(anonymous_2)
FN:49,(anonymous_3)
FN:52,(anonymous_4)
FN:63,(anonymous_5)
FN:65,(anonymous_6)
FN:96,computeDeltas
FN:107,computeSMA
FN:110,(anonymous_9)
FN:117,computeTrend
FN:147,computeMomentum
FN:152,(anonymous_12)
FN:153,(anonymous_13)
FN:166,computeVolatility
FN:169,(anonymous_15)
FN:172,(anonymous_16)
FN:174,(anonymous_17)
FN:183,getRanking
FN:190,computeAvgRank
FN:192,(anonymous_20)
FN:199,formatDate
FN:209,formatDateNTradingDaysAgo
FNF:23
FNH:13
FNDA:0,_getWindowData
FNDA:0,analyzeWindow
FNDA:0,(anonymous_2)
FNDA:0,(anonymous_3)
FNDA:0,(anonymous_4)
FNDA:0,(anonymous_5)
FNDA:0,(anonymous_6)
FNDA:2,computeDeltas
FNDA:4,computeSMA
FNDA:9,(anonymous_9)
FNDA:5,computeTrend
FNDA:5,computeMomentum
FNDA:11,(anonymous_12)
FNDA:11,(anonymous_13)
FNDA:3,computeVolatility
FNDA:6,(anonymous_15)
FNDA:6,(anonymous_16)
FNDA:6,(anonymous_17)
FNDA:0,getRanking
FNDA:4,computeAvgRank
FNDA:8,(anonymous_20)
FNDA:0,formatDate
FNDA:0,formatDateNTradingDaysAgo
DA:14,0
DA:15,0
DA:16,0
DA:19,0
DA:21,0
DA:22,0
DA:26,0
DA:33,0
DA:34,0
DA:35,0
DA:38,0
DA:40,0
DA:41,0
DA:45,0
DA:47,0
DA:48,0
DA:49,0
DA:52,0
DA:53,0
DA:55,0
DA:56,0
DA:57,0
DA:59,0
DA:62,0
DA:63,0
DA:65,0
DA:73,0
DA:84,0
DA:97,2
DA:98,2
DA:99,2
DA:101,2
DA:108,4
DA:109,3
DA:110,9
DA:111,3
DA:118,5
DA:120,3
DA:121,3
DA:122,3
DA:123,3
DA:124,3
DA:126,3
DA:127,15
DA:128,15
DA:129,15
DA:130,15
DA:133,3
DA:134,3
DA:137,3
DA:139,5
DA:140,2
DA:141,1
DA:148,5
DA:151,4
DA:152,11
DA:153,11
DA:155,4
DA:156,2
DA:157,2
DA:158,1
DA:160,1
DA:167,3
DA:169,6
DA:170,2
DA:172,6
DA:174,6
DA:175,2
DA:177,2
DA:184,0
DA:191,4
DA:192,8
DA:193,3
DA:200,0
DA:201,0
DA:202,0
DA:203,0
DA:210,0
DA:211,0
DA:212,0
DA:213,0
DA:214,0
DA:215,0
DA:216,0
DA:219,0
LF:85
LH:44
BRDA:21,0,0,0
BRDA:21,0,1,0
BRDA:32,1,0,0
BRDA:40,2,0,0
BRDA:40,2,1,0
BRDA:59,3,0,0
BRDA:59,3,1,0
BRDA:68,4,0,0
BRDA:68,4,1,0
BRDA:76,5,0,0
BRDA:76,5,1,0
BRDA:81,6,0,0
BRDA:81,6,1,0
BRDA:108,7,0,1
BRDA:108,7,1,3
BRDA:118,8,0,2
BRDA:118,8,1,3
BRDA:137,9,0,3
BRDA:137,9,1,0
BRDA:139,10,0,1
BRDA:139,10,1,4
BRDA:140,11,0,1
BRDA:140,11,1,1
BRDA:148,12,0,1
BRDA:148,12,1,4
BRDA:155,13,0,2
BRDA:155,13,1,2
BRDA:157,14,0,1
BRDA:157,14,1,1
BRDA:167,15,0,1
BRDA:167,15,1,2
BRDA:170,16,0,0
BRDA:170,16,1,2
BRDA:177,17,0,2
BRDA:177,17,1,0
BRDA:191,18,0,1
BRDA:191,18,1,3
BRDA:192,19,0,8
BRDA:192,19,1,1
BRDA:215,20,0,0
BRDA:215,20,1,0
BRDA:215,21,0,0
BRDA:215,21,1,0
BRF:43
BRH:23
end_of_record
TN:
SF:src/signal.ts
FN:23,generateSignal
FN:91,analyzeRawData
FN:103,(anonymous_2)
FN:104,(anonymous_3)
FN:105,(anonymous_4)
FN:109,(anonymous_5)
FN:118,(anonymous_6)
FN:121,(anonymous_7)
FN:122,(anonymous_8)
FN:145,detectAnomaly
FN:180,computeShortTermSignal
FN:206,(anonymous_11)
FN:207,(anonymous_12)
FN:224,(anonymous_13)
FN:234,computeMediumTermSignal
FN:254,(anonymous_15)
FN:257,(anonymous_16)
FN:283,computeTrend
FN:311,computeCompositeSignal
FN:383,generateSummary
FN:428,generateSignalsForParticipants
FN:442,formatDate
FN:452,formatDateNTradingDaysAgo
FNF:23
FNH:23
FNDA:7,generateSignal
FNDA:6,analyzeRawData
FNDA:20,(anonymous_2)
FNDA:20,(anonymous_3)
FNDA:20,(anonymous_4)
FNDA:14,(anonymous_5)
FNDA:20,(anonymous_6)
FNDA:6,(anonymous_7)
FNDA:11,(anonymous_8)
FNDA:6,detectAnomaly
FNDA:6,computeShortTermSignal
FNDA:13,(anonymous_11)
FNDA:13,(anonymous_12)
FNDA:16,(anonymous_13)
FNDA:6,computeMediumTermSignal
FNDA:26,(anonymous_15)
FNDA:26,(anonymous_16)
FNDA:6,computeTrend
FNDA:6,computeCompositeSignal
FNDA:6,generateSummary
FNDA:1,generateSignalsForParticipants
FNDA:10,formatDate
FNDA:5,formatDateNTradingDaysAgo
DA:25,7
DA:28,7
DA:29,5
DA:30,5
DA:31,5
DA:32,5
DA:34,5
DA:35,5
DA:38,7
DA:39,1
DA:57,6
DA:60,6
DA:63,6
DA:66,6
DA:69,6
DA:71,6
DA:93,6
DA:94,6
DA:95,20
DA:103,20
DA:104,20
DA:105,20
DA:106,6
DA:109,14
DA:110,6
DA:111,6
DA:114,6
DA:115,6
DA:118,20
DA:121,6
DA:122,11
DA:124,6
DA:146,6
DA:147,6
DA:148,6
DA:150,6
DA:151,5
DA:154,1
DA:155,1
DA:158,1
DA:162,6
DA:163,1
DA:164,0
DA:165,0
DA:167,1
DA:181,6
DA:184,6
DA:185,6
DA:186,16
DA:190,6
DA:191,6
DA:192,6
DA:193,6
DA:194,6
DA:195,6
DA:196,10
DA:197,9
DA:199,1
DA:205,6
DA:206,13
DA:207,13
DA:208,6
DA:209,6
DA:210,4
DA:213,6
DA:214,6
DA:215,4
DA:216,4
DA:217,3
DA:219,6
DA:224,16
DA:235,6
DA:236,6
DA:238,6
DA:239,0
DA:242,6
DA:243,6
DA:244,6
DA:245,6
DA:248,6
DA:249,6
DA:250,6
DA:251,6
DA:254,26
DA:257,26
DA:258,6
DA:261,6
DA:262,6
DA:263,4
DA:264,4
DA:265,3
DA:267,6
DA:284,6
DA:286,6
DA:287,6
DA:288,6
DA:289,6
DA:290,6
DA:292,6
DA:293,26
DA:294,26
DA:295,26
DA:296,26
DA:299,6
DA:300,6
DA:301,6
DA:303,6
DA:304,5
DA:305,3
DA:317,6
DA:318,6
DA:319,6
DA:321,6
DA:329,6
DA:330,0
DA:331,0
DA:332,0
DA:333,6
DA:334,1
DA:335,1
DA:336,1
DA:337,5
DA:338,0
DA:339,0
DA:340,0
DA:344,6
DA:345,6
DA:346,3
DA:347,3
DA:348,3
DA:352,6
DA:353,1
DA:354,1
DA:355,5
DA:356,2
DA:357,2
DA:361,6
DA:362,6
DA:363,6
DA:364,5
DA:365,5
DA:366,5
DA:369,6
DA:371,6
DA:390,6
DA:391,6
DA:392,6
DA:394,6
DA:397,6
DA:398,1
DA:399,1
DA:400,1
DA:402,0
DA:405,5
DA:406,5
DA:410,6
DA:411,3
DA:415,6
DA:416,2
DA:417,2
DA:420,6
DA:422,6
DA:429,1
DA:430,1
DA:431,2
DA:432,2
DA:433,2
DA:436,1
DA:443,10
DA:444,10
DA:445,10
DA:446,10
DA:453,5
DA:454,5
DA:455,5
DA:456,195
DA:457,195
DA:458,195
DA:459,145
DA:462,5
LF:180
LH:170
BRDA:28,0,0,5
BRDA:28,0,1,2
BRDA:38,1,0,1
BRDA:38,1,1,6
BRDA:114,2,0,6
BRDA:114,2,1,3
BRDA:115,3,0,6
BRDA:115,3,1,0
BRDA:121,4,0,6
BRDA:121,4,1,0
BRDA:122,5,0,6
BRDA:122,5,1,0
BRDA:150,6,0,5
BRDA:150,6,1,1
BRDA:158,7,0,1
BRDA:158,7,1,0
BRDA:162,8,0,0
BRDA:162,8,1,1
BRDA:163,9,0,1
BRDA:163,9,1,0
BRDA:164,10,0,0
BRDA:164,10,1,0
BRDA:172,11,0,1
BRDA:172,11,1,1
BRDA:173,12,0,6
BRDA:173,12,1,0
BRDA:192,13,0,6
BRDA:192,13,1,0
BRDA:193,14,0,2
BRDA:193,14,1,4
BRDA:193,15,0,1
BRDA:193,15,1,3
BRDA:196,16,0,9
BRDA:196,16,1,1
BRDA:196,17,0,10
BRDA:196,17,1,6
BRDA:196,17,2,4
BRDA:196,17,3,3
BRDA:209,18,0,2
BRDA:209,18,1,4
BRDA:210,19,0,1
BRDA:210,19,1,3
BRDA:214,20,0,2
BRDA:214,20,1,4
BRDA:214,21,0,6
BRDA:214,21,1,3
BRDA:215,22,0,0
BRDA:215,22,1,4
BRDA:215,23,0,4
BRDA:215,23,1,1
BRDA:216,24,0,1
BRDA:216,24,1,3
BRDA:216,25,0,4
BRDA:216,25,1,1
BRDA:217,26,0,0
BRDA:217,26,1,3
BRDA:217,27,0,3
BRDA:217,27,1,0
BRDA:222,28,0,2
BRDA:222,28,1,4
BRDA:222,29,0,1
BRDA:222,29,1,3
BRDA:238,30,0,0
BRDA:238,30,1,6
BRDA:245,31,0,6
BRDA:245,31,1,0
BRDA:251,32,0,6
BRDA:251,32,1,0
BRDA:262,33,0,2
BRDA:262,33,1,4
BRDA:263,34,0,0
BRDA:263,34,1,4
BRDA:264,35,0,1
BRDA:264,35,1,3
BRDA:265,36,0,0
BRDA:265,36,1,3
BRDA:284,37,0,0
BRDA:284,37,1,6
BRDA:301,38,0,6
BRDA:301,38,1,0
BRDA:303,39,0,1
BRDA:303,39,1,5
BRDA:304,40,0,2
BRDA:304,40,1,3
BRDA:329,41,0,0
BRDA:329,41,1,6
BRDA:329,42,0,6
BRDA:329,42,1,1
BRDA:333,43,0,1
BRDA:333,43,1,5
BRDA:333,44,0,6
BRDA:333,44,1,1
BRDA:337,45,0,0
BRDA:337,45,1,5
BRDA:337,46,0,5
BRDA:337,46,1,0
BRDA:345,47,0,3
BRDA:345,47,1,3
BRDA:352,48,0,1
BRDA:352,48,1,5
BRDA:355,49,0,2
BRDA:355,49,1,3
BRDA:362,50,0,0
BRDA:362,50,1,6
BRDA:363,51,0,1
BRDA:363,51,1,5
BRDA:364,52,0,0
BRDA:364,52,1,5
BRDA:365,53,0,0
BRDA:365,53,1,5
BRDA:397,54,0,1
BRDA:397,54,1,5
BRDA:398,55,0,1
BRDA:398,55,1,0
BRDA:399,56,0,1
BRDA:399,56,1,0
BRDA:400,57,0,1
BRDA:400,57,1,0
BRDA:405,58,0,1
BRDA:405,58,1,4
BRDA:410,59,0,3
BRDA:410,59,1,3
BRDA:415,60,0,2
BRDA:415,60,1,4
BRDA:416,61,0,1
BRDA:416,61,1,1
BRDA:417,62,0,1
BRDA:417,62,1,1
BRDA:417,63,0,1
BRDA:417,63,1,0
BRDA:432,64,0,2
BRDA:432,64,1,0
BRDA:458,65,0,145
BRDA:458,65,1,50
BRDA:458,66,0,195
BRDA:458,66,1,170
BRF:136
BRH:105
end_of_record
